# JRE version: OpenJDK Runtime Environment (8.0_252-b09) (build 1.8.0_252-8u252-b09-1~18.04-b09)
# Java VM: OpenJDK 64-Bit Server VM (25.252-b09 mixed mode linux-amd64 compressed oops)
Heap:
 PSYoungGen      total 175616K, used 28701K [0x000000076d200000, 0x000000077a980000, 0x00000007c0000000)
  eden space 165376K, 17% used [0x000000076d200000,0x000000076ee07540,0x0000000777380000)
  from space 10240K, 0% used [0x0000000777d80000,0x0000000777d80000,0x0000000778780000)
  to   space 10240K, 0% used [0x0000000777380000,0x0000000777380000,0x0000000777d80000)
 ParOldGen       total 384512K, used 53592K [0x00000006c7600000, 0x00000006ded80000, 0x000000076d200000)
  object space 384512K, 13% used [0x00000006c7600000,0x00000006caa56338,0x00000006ded80000)
 Metaspace       used 12773K, capacity 12956K, committed 13056K, reserved 1060864K
  class space    used 1443K, capacity 1510K, committed 1536K, reserved 1048576K
GC Heap History (10 events):
Event: 2.179 GC heap before
{Heap before GC invocations=3 (full 1):
 PSYoungGen      total 74752K, used 64512K [0x000000076d200000, 0x0000000776400000, 0x00000007c0000000)
  eden space 64512K, 100% used [0x000000076d200000,0x0000000771100000,0x0000000771100000)
  from space 10240K, 0% used [0x0000000771100000,0x0000000771100000,0x0000000771b00000)
  to   space 10240K, 0% used [0x0000000775a00000,0x0000000775a00000,0x0000000776400000)
 ParOldGen       total 223744K, used 39808K [0x00000006c7600000, 0x00000006d5080000, 0x000000076d200000)
  object space 223744K, 17% used [0x00000006c7600000,0x00000006c9ce0168,0x00000006d5080000)
 Metaspace       used 11762K, capacity 11958K, committed 12160K, reserved 1060864K
  class space    used 1276K, capacity 1349K, committed 1408K, reserved 1048576K
Event: 2.179 GC heap after
Heap after GC invocations=3 (full 1):
 PSYoungGen      total 102400K, used 128K [0x000000076d200000, 0x0000000775a80000, 0x00000007c0000000)
  eden space 101888K, 0% used [0x000000076d200000,0x000000076d200000,0x0000000773580000)
  from space 512K, 25% used [0x0000000775a00000,0x0000000775a20000,0x0000000775a80000)
  to   space 10240K, 0% used [0x0000000774680000,0x0000000774680000,0x0000000775080000)
 ParOldGen       total 223744K, used 39816K [0x00000006c7600000, 0x00000006d5080000, 0x000000076d200000)
  object space 223744K, 17% used [0x00000006c7600000,0x00000006c9ce2168,0x00000006d5080000)
 Metaspace       used 11762K, capacity 11958K, committed 12160K, reserved 1060864K
  class space    used 1276K, capacity 1349K, committed 1408K, reserved 1048576K
}
Event: 2.662 GC heap before
{Heap before GC invocations=4 (full 1):
 PSYoungGen      total 102400K, used 101934K [0x000000076d200000, 0x0000000775a80000, 0x00000007c0000000)
  eden space 101888K, 99% used [0x000000076d200000,0x000000077356bac0,0x0000000773580000)
  from space 512K, 25% used [0x0000000775a00000,0x0000000775a20000,0x0000000775a80000)
  to   space 10240K, 0% used [0x0000000774680000,0x0000000774680000,0x0000000775080000)
 ParOldGen       total 223744K, used 39816K [0x00000006c7600000, 0x00000006d5080000, 0x000000076d200000)
  object space 223744K, 17% used [0x00000006c7600000,0x00000006c9ce2168,0x00000006d5080000)
 Metaspace       used 12286K, capacity 12444K, committed 12544K, reserved 1060864K
  class space    used 1359K, capacity 1446K, committed 1536K, reserved 1048576K
Event: 2.685 GC heap after
Heap after GC invocations=4 (full 1):
 PSYoungGen      total 129536K, used 811K [0x000000076d200000, 0x0000000778780000, 0x00000007c0000000)
  eden space 119296K, 0% used [0x000000076d200000,0x000000076d200000,0x0000000774680000)
  from space 10240K, 7% used [0x0000000774680000,0x000000077474ae20,0x0000000775080000)
  to   space 10240K, 0% used [0x0000000777d80000,0x0000000777d80000,0x0000000778780000)
 ParOldGen       total 223744K, used 116266K [0x00000006c7600000, 0x00000006d5080000, 0x000000076d200000)
  object space 223744K, 51% used [0x00000006c7600000,0x00000006ce78a828,0x00000006d5080000)
 Metaspace       used 12286K, capacity 12444K, committed 12544K, reserved 1060864K
  class space    used 1359K, capacity 1446K, committed 1536K, reserved 1048576K
}
Event: 2.685 GC heap before
{Heap before GC invocations=5 (full 2):
 PSYoungGen      total 129536K, used 811K [0x000000076d200000, 0x0000000778780000, 0x00000007c0000000)
  eden space 119296K, 0% used [0x000000076d200000,0x000000076d200000,0x0000000774680000)
  from space 10240K, 7% used [0x0000000774680000,0x000000077474ae20,0x0000000775080000)
  to   space 10240K, 0% used [0x0000000777d80000,0x0000000777d80000,0x0000000778780000)
 ParOldGen       total 223744K, used 116266K [0x00000006c7600000, 0x00000006d5080000, 0x000000076d200000)
  object space 223744K, 51% used [0x00000006c7600000,0x00000006ce78a828,0x00000006d5080000)
 Metaspace       used 12286K, capacity 12444K, committed 12544K, reserved 1060864K
  class space    used 1359K, capacity 1446K, committed 1536K, reserved 1048576K
Event: 2.715 GC heap after
Heap after GC invocations=5 (full 2):
 PSYoungGen      total 129536K, used 0K [0x000000076d200000, 0x0000000778780000, 0x00000007c0000000)
  eden space 119296K, 0% used [0x000000076d200000,0x000000076d200000,0x0000000774680000)
  from space 10240K, 0% used [0x0000000774680000,0x0000000774680000,0x0000000775080000)
  to   space 10240K, 0% used [0x0000000777d80000,0x0000000777d80000,0x0000000778780000)
 ParOldGen       total 269824K, used 28620K [0x00000006c7600000, 0x00000006d7d80000, 0x000000076d200000)
  object space 269824K, 10% used [0x00000006c7600000,0x00000006c91f31a8,0x00000006d7d80000)
 Metaspace       used 12286K, capacity 12444K, committed 12544K, reserved 1060864K
  class space    used 1359K, capacity 1446K, committed 1536K, reserved 1048576K
}
Event: 3.128 GC heap before
{Heap before GC invocations=6 (full 2):
 PSYoungGen      total 129536K, used 114475K [0x000000076d200000, 0x0000000778780000, 0x00000007c0000000)
  eden space 119296K, 95% used [0x000000076d200000,0x00000007741cae78,0x0000000774680000)
  from space 10240K, 0% used [0x0000000774680000,0x0000000774680000,0x0000000775080000)
  to   space 10240K, 0% used [0x0000000777d80000,0x0000000777d80000,0x0000000778780000)
 ParOldGen       total 269824K, used 28620K [0x00000006c7600000, 0x00000006d7d80000, 0x000000076d200000)
  object space 269824K, 10% used [0x00000006c7600000,0x00000006c91f31a8,0x00000006d7d80000)
 Metaspace       used 12768K, capacity 12956K, committed 13056K, reserved 1060864K
  class space    used 1442K, capacity 1510K, committed 1536K, reserved 1048576K
Event: 3.164 GC heap after
Heap after GC invocations=6 (full 2):
 PSYoungGen      total 175616K, used 767K [0x000000076d200000, 0x000000077a980000, 0x00000007c0000000)
  eden space 165376K, 0% used [0x000000076d200000,0x000000076d200000,0x0000000777380000)
  from space 10240K, 7% used [0x0000000777d80000,0x0000000777e3ff10,0x0000000778780000)
  to   space 10240K, 0% used [0x0000000777380000,0x0000000777380000,0x0000000777d80000)
 ParOldGen       total 269824K, used 181511K [0x00000006c7600000, 0x00000006d7d80000, 0x000000076d200000)
  object space 269824K, 67% used [0x00000006c7600000,0x00000006d2741f28,0x00000006d7d80000)
 Metaspace       used 12768K, capacity 12956K, committed 13056K, reserved 1060864K
  class space    used 1442K, capacity 1510K, committed 1536K, reserved 1048576K
}
Event: 3.164 GC heap before
{Heap before GC invocations=7 (full 3):
 PSYoungGen      total 175616K, used 767K [0x000000076d200000, 0x000000077a980000, 0x00000007c0000000)
  eden space 165376K, 0% used [0x000000076d200000,0x000000076d200000,0x0000000777380000)
  from space 10240K, 7% used [0x0000000777d80000,0x0000000777e3ff10,0x0000000778780000)
  to   space 10240K, 0% used [0x0000000777380000,0x0000000777380000,0x0000000777d80000)
 ParOldGen       total 269824K, used 181511K [0x00000006c7600000, 0x00000006d7d80000, 0x000000076d200000)
  object space 269824K, 67% used [0x00000006c7600000,0x00000006d2741f28,0x00000006d7d80000)
 Metaspace       used 12768K, capacity 12956K, committed 13056K, reserved 1060864K
  class space    used 1442K, capacity 1510K, committed 1536K, reserved 1048576K
Event: 3.195 GC heap after
Heap after GC invocations=7 (full 3):
 PSYoungGen      total 175616K, used 0K [0x000000076d200000, 0x000000077a980000, 0x00000007c0000000)
  eden space 165376K, 0% used [0x000000076d200000,0x000000076d200000,0x0000000777380000)
  from space 10240K, 0% used [0x0000000777d80000,0x0000000777d80000,0x0000000778780000)
  to   space 10240K, 0% used [0x0000000777380000,0x0000000777380000,0x0000000777d80000)
 ParOldGen       total 384512K, used 53592K [0x00000006c7600000, 0x00000006ded80000, 0x000000076d200000)
  object space 384512K, 13% used [0x00000006c7600000,0x00000006caa56338,0x00000006ded80000)
 Metaspace       used 12768K, capacity 12956K, committed 13056K, reserved 1060864K
  class space    used 1442K, capacity 1510K, committed 1536K, reserved 1048576K
}

