# JRE version: OpenJDK Runtime Environment (8.0_252-b09) (build 1.8.0_252-8u252-b09-1~18.04-b09)
# Java VM: OpenJDK 64-Bit Server VM (25.252-b09 mixed mode linux-amd64 compressed oops)
Heap:
 PSYoungGen      total 175616K, used 28685K [0x000000076d200000, 0x000000077aa80000, 0x00000007c0000000)
  eden space 165376K, 17% used [0x000000076d200000,0x000000076ee03508,0x0000000777380000)
  from space 10240K, 0% used [0x0000000777d80000,0x0000000777d80000,0x0000000778780000)
  to   space 10240K, 0% used [0x0000000777380000,0x0000000777380000,0x0000000777d80000)
 ParOldGen       total 385536K, used 53592K [0x00000006c7600000, 0x00000006dee80000, 0x000000076d200000)
  object space 385536K, 13% used [0x00000006c7600000,0x00000006caa56360,0x00000006dee80000)
 Metaspace       used 12773K, capacity 12968K, committed 13056K, reserved 1060864K
  class space    used 1443K, capacity 1510K, committed 1536K, reserved 1048576K
GC Heap History (10 events):
Event: 2.065 GC heap before
{Heap before GC invocations=3 (full 1):
 PSYoungGen      total 74752K, used 64512K [0x000000076d200000, 0x0000000776400000, 0x00000007c0000000)
  eden space 64512K, 100% used [0x000000076d200000,0x0000000771100000,0x0000000771100000)
  from space 10240K, 0% used [0x0000000771100000,0x0000000771100000,0x0000000771b00000)
  to   space 10240K, 0% used [0x0000000775a00000,0x0000000775a00000,0x0000000776400000)
 ParOldGen       total 223744K, used 39821K [0x00000006c7600000, 0x00000006d5080000, 0x000000076d200000)
  object space 223744K, 17% used [0x00000006c7600000,0x00000006c9ce37f8,0x00000006d5080000)
 Metaspace       used 11764K, capacity 11970K, committed 12160K, reserved 1060864K
  class space    used 1276K, capacity 1349K, committed 1408K, reserved 1048576K
Event: 2.066 GC heap after
Heap after GC invocations=3 (full 1):
 PSYoungGen      total 102912K, used 128K [0x000000076d200000, 0x0000000775a80000, 0x00000007c0000000)
  eden space 102400K, 0% used [0x000000076d200000,0x000000076d200000,0x0000000773600000)
  from space 512K, 25% used [0x0000000775a00000,0x0000000775a20000,0x0000000775a80000)
  to   space 10240K, 0% used [0x0000000774680000,0x0000000774680000,0x0000000775080000)
 ParOldGen       total 223744K, used 39829K [0x00000006c7600000, 0x00000006d5080000, 0x000000076d200000)
  object space 223744K, 17% used [0x00000006c7600000,0x00000006c9ce57f8,0x00000006d5080000)
 Metaspace       used 11764K, capacity 11970K, committed 12160K, reserved 1060864K
  class space    used 1276K, capacity 1349K, committed 1408K, reserved 1048576K
}
Event: 2.532 GC heap before
{Heap before GC invocations=4 (full 1):
 PSYoungGen      total 102912K, used 102528K [0x000000076d200000, 0x0000000775a80000, 0x00000007c0000000)
  eden space 102400K, 100% used [0x000000076d200000,0x0000000773600000,0x0000000773600000)
  from space 512K, 25% used [0x0000000775a00000,0x0000000775a20000,0x0000000775a80000)
  to   space 10240K, 0% used [0x0000000774680000,0x0000000774680000,0x0000000775080000)
 ParOldGen       total 223744K, used 39829K [0x00000006c7600000, 0x00000006d5080000, 0x000000076d200000)
  object space 223744K, 17% used [0x00000006c7600000,0x00000006c9ce57f8,0x00000006d5080000)
 Metaspace       used 12293K, capacity 12456K, committed 12800K, reserved 1060864K
  class space    used 1359K, capacity 1446K, committed 1536K, reserved 1048576K
Event: 2.551 GC heap after
Heap after GC invocations=4 (full 1):
 PSYoungGen      total 129536K, used 706K [0x000000076d200000, 0x0000000778780000, 0x00000007c0000000)
  eden space 119296K, 0% used [0x000000076d200000,0x000000076d200000,0x0000000774680000)
  from space 10240K, 6% used [0x0000000774680000,0x00000007747309a8,0x0000000775080000)
  to   space 10240K, 0% used [0x0000000777d80000,0x0000000777d80000,0x0000000778780000)
 ParOldGen       total 223744K, used 116279K [0x00000006c7600000, 0x00000006d5080000, 0x000000076d200000)
  object space 223744K, 51% used [0x00000006c7600000,0x00000006ce78deb8,0x00000006d5080000)
 Metaspace       used 12293K, capacity 12456K, committed 12800K, reserved 1060864K
  class space    used 1359K, capacity 1446K, committed 1536K, reserved 1048576K
}
Event: 2.551 GC heap before
{Heap before GC invocations=5 (full 2):
 PSYoungGen      total 129536K, used 706K [0x000000076d200000, 0x0000000778780000, 0x00000007c0000000)
  eden space 119296K, 0% used [0x000000076d200000,0x000000076d200000,0x0000000774680000)
  from space 10240K, 6% used [0x0000000774680000,0x00000007747309a8,0x0000000775080000)
  to   space 10240K, 0% used [0x0000000777d80000,0x0000000777d80000,0x0000000778780000)
 ParOldGen       total 223744K, used 116279K [0x00000006c7600000, 0x00000006d5080000, 0x000000076d200000)
  object space 223744K, 51% used [0x00000006c7600000,0x00000006ce78deb8,0x00000006d5080000)
 Metaspace       used 12293K, capacity 12456K, committed 12800K, reserved 1060864K
  class space    used 1359K, capacity 1446K, committed 1536K, reserved 1048576K
Event: 2.577 GC heap after
Heap after GC invocations=5 (full 2):
 PSYoungGen      total 129536K, used 0K [0x000000076d200000, 0x0000000778780000, 0x00000007c0000000)
  eden space 119296K, 0% used [0x000000076d200000,0x000000076d200000,0x0000000774680000)
  from space 10240K, 0% used [0x0000000774680000,0x0000000774680000,0x0000000775080000)
  to   space 10240K, 0% used [0x0000000777d80000,0x0000000777d80000,0x0000000778780000)
 ParOldGen       total 269312K, used 28577K [0x00000006c7600000, 0x00000006d7d00000, 0x000000076d200000)
  object space 269312K, 10% used [0x00000006c7600000,0x00000006c91e8518,0x00000006d7d00000)
 Metaspace       used 12293K, capacity 12456K, committed 12800K, reserved 1060864K
  class space    used 1359K, capacity 1446K, committed 1536K, reserved 1048576K
}
Event: 2.989 GC heap before
{Heap before GC invocations=6 (full 2):
 PSYoungGen      total 129536K, used 114076K [0x000000076d200000, 0x0000000778780000, 0x00000007c0000000)
  eden space 119296K, 95% used [0x000000076d200000,0x0000000774167140,0x0000000774680000)
  from space 10240K, 0% used [0x0000000774680000,0x0000000774680000,0x0000000775080000)
  to   space 10240K, 0% used [0x0000000777d80000,0x0000000777d80000,0x0000000778780000)
 ParOldGen       total 269312K, used 28577K [0x00000006c7600000, 0x00000006d7d00000, 0x000000076d200000)
  object space 269312K, 10% used [0x00000006c7600000,0x00000006c91e8518,0x00000006d7d00000)
 Metaspace       used 12768K, capacity 12968K, committed 13056K, reserved 1060864K
  class space    used 1442K, capacity 1510K, committed 1536K, reserved 1048576K
Event: 3.023 GC heap after
Heap after GC invocations=6 (full 2):
 PSYoungGen      total 175616K, used 571K [0x000000076d200000, 0x000000077aa80000, 0x00000007c0000000)
  eden space 165376K, 0% used [0x000000076d200000,0x000000076d200000,0x0000000777380000)
  from space 10240K, 5% used [0x0000000777d80000,0x0000000777e0ed60,0x0000000778780000)
  to   space 10240K, 0% used [0x0000000777380000,0x0000000777380000,0x0000000777d80000)
 ParOldGen       total 269312K, used 181468K [0x00000006c7600000, 0x00000006d7d00000, 0x000000076d200000)
  object space 269312K, 67% used [0x00000006c7600000,0x00000006d2737298,0x00000006d7d00000)
 Metaspace       used 12768K, capacity 12968K, committed 13056K, reserved 1060864K
  class space    used 1442K, capacity 1510K, committed 1536K, reserved 1048576K
}
Event: 3.023 GC heap before
{Heap before GC invocations=7 (full 3):
 PSYoungGen      total 175616K, used 571K [0x000000076d200000, 0x000000077aa80000, 0x00000007c0000000)
  eden space 165376K, 0% used [0x000000076d200000,0x000000076d200000,0x0000000777380000)
  from space 10240K, 5% used [0x0000000777d80000,0x0000000777e0ed60,0x0000000778780000)
  to   space 10240K, 0% used [0x0000000777380000,0x0000000777380000,0x0000000777d80000)
 ParOldGen       total 269312K, used 181468K [0x00000006c7600000, 0x00000006d7d00000, 0x000000076d200000)
  object space 269312K, 67% used [0x00000006c7600000,0x00000006d2737298,0x00000006d7d00000)
 Metaspace       used 12768K, capacity 12968K, committed 13056K, reserved 1060864K
  class space    used 1442K, capacity 1510K, committed 1536K, reserved 1048576K
Event: 3.059 GC heap after
Heap after GC invocations=7 (full 3):
 PSYoungGen      total 175616K, used 0K [0x000000076d200000, 0x000000077aa80000, 0x00000007c0000000)
  eden space 165376K, 0% used [0x000000076d200000,0x000000076d200000,0x0000000777380000)
  from space 10240K, 0% used [0x0000000777d80000,0x0000000777d80000,0x0000000778780000)
  to   space 10240K, 0% used [0x0000000777380000,0x0000000777380000,0x0000000777d80000)
 ParOldGen       total 385536K, used 53592K [0x00000006c7600000, 0x00000006dee80000, 0x000000076d200000)
  object space 385536K, 13% used [0x00000006c7600000,0x00000006caa56360,0x00000006dee80000)
 Metaspace       used 12768K, capacity 12968K, committed 13056K, reserved 1060864K
  class space    used 1442K, capacity 1510K, committed 1536K, reserved 1048576K
}

